<?xml version="1.0" encoding="UTF-8"?>
<!-- Generated by org.testng.reporters.JUnitXMLReporter -->
<testsuite ignored="0" hostname="LAPTOP-EEAS1CV9" failures="0" tests="5" name="Default test" time="10.703" errors="0" timestamp="18 Sept 2024 06:52:35 GMT">
  <testcase classname="DataProvider.WorkingWithDataProvider" name="loginIntoActitime" time="2.698"/>
  <testcase classname="DataProvider.WorkingWithDataProvider" name="loginIntoActitime" time="2.045"/>
  <testcase classname="DataProvider.WorkingWithDataProvider" name="loginIntoActitime" time="2.025"/>
  <testcase classname="DataProvider.WorkingWithDataProvider" name="loginIntoActitime" time="1.936"/>
  <testcase classname="DataProvider.WorkingWithDataProvider" name="loginIntoActitime" time="1.961"/>
</testsuite> <!-- Default test -->
