<?xml version="1.0" encoding="UTF-8"?>
<!-- Generated by org.testng.reporters.JUnitXMLReporter -->
<testsuite ignored="8" hostname="LAPTOP-EEAS1CV9" failures="0" tests="3" name="Test" time="27.743" errors="0" timestamp="13 Sept 2024 07:25:07 GMT">
  <testcase classname="testscripts.ValidLoginTest" name="login" time="1.622"/>
  <testcase classname="testscripts.InvalidLoginTest" name="invalidLogin" time="1.838"/>
  <testcase classname="testscripts.CreateUserTest" name="createNewUser" time="1.92"/>
  <testcase classname="genericlib.BaseTest" name="@AfterSuite tocloseServer" time="0.0">
    <ignored/>
  </testcase> <!-- @AfterSuite tocloseServer -->
  <testcase classname="genericlib.BaseTest" name="@AfterSuite tocloseServer" time="0.0">
    <ignored/>
  </testcase> <!-- @AfterSuite tocloseServer -->
  <testcase classname="genericlib.BaseTest" name="@AfterTest tocloseDatabase" time="0.0">
    <ignored/>
  </testcase> <!-- @AfterTest tocloseDatabase -->
  <testcase classname="genericlib.BaseTest" name="@AfterTest tocloseDatabase" time="0.0">
    <ignored/>
  </testcase> <!-- @AfterTest tocloseDatabase -->
  <testcase classname="genericlib.BaseTest" name="@BeforeTest toConnectWithDatabase" time="0.0">
    <ignored/>
  </testcase> <!-- @BeforeTest toConnectWithDatabase -->
  <testcase classname="genericlib.BaseTest" name="@BeforeTest toConnectWithDatabase" time="0.0">
    <ignored/>
  </testcase> <!-- @BeforeTest toConnectWithDatabase -->
  <testcase classname="genericlib.BaseTest" name="@BeforeSuite toConnectWithServer" time="0.0">
    <ignored/>
  </testcase> <!-- @BeforeSuite toConnectWithServer -->
  <testcase classname="genericlib.BaseTest" name="@BeforeSuite toConnectWithServer" time="0.0">
    <ignored/>
  </testcase> <!-- @BeforeSuite toConnectWithServer -->
</testsuite> <!-- Test -->
