<?xml version="1.0" encoding="UTF-8"?>
<testng-results ignored="0" total="1" passed="1" failed="0" skipped="0">
  <reporter-output>
    <line>
      <![CDATA[to connect with the server]]>
    </line>
    <line>
      <![CDATA[to connect with the database]]>
    </line>
    <line>
      <![CDATA[=======LaunchingchromeBrowser============]]>
    </line>
    <line>
      <![CDATA[to close the database]]>
    </line>
    <line>
      <![CDATA[to close the server]]>
    </line>
  </reporter-output>
  <suite started-at="2024-09-12T07:03:12Z" name="Default suite" finished-at="2024-09-12T07:03:21Z" duration-ms="8924">
    <groups>
    </groups>
    <test started-at="2024-09-12T07:03:12Z" name="Default test" finished-at="2024-09-12T07:03:21Z" duration-ms="8924">
      <class name="testscripts.ValidLoginTest">
        <test-method is-config="true" signature="toConnectWithServer()[pri:0, instance:testscripts.ValidLoginTest@7164ca4c]" started-at="2024-09-12T07:03:12Z" name="toConnectWithServer" finished-at="2024-09-12T07:03:12Z" duration-ms="19" status="PASS">
          <reporter-output>
            <line>
              <![CDATA[to connect with the server]]>
            </line>
          </reporter-output>
        </test-method> <!-- toConnectWithServer -->
        <test-method is-config="true" signature="toConnectWithDatabase()[pri:0, instance:testscripts.ValidLoginTest@7164ca4c]" started-at="2024-09-12T07:03:12Z" name="toConnectWithDatabase" finished-at="2024-09-12T07:03:12Z" duration-ms="1" status="PASS">
          <reporter-output>
            <line>
              <![CDATA[to connect with the database]]>
            </line>
          </reporter-output>
        </test-method> <!-- toConnectWithDatabase -->
        <test-method is-config="true" signature="setUp()[pri:0, instance:testscripts.ValidLoginTest@7164ca4c]" started-at="2024-09-12T07:03:12Z" name="setUp" finished-at="2024-09-12T07:03:15Z" duration-ms="3205" status="PASS">
          <reporter-output>
            <line>
              <![CDATA[=======LaunchingchromeBrowser============]]>
            </line>
          </reporter-output>
        </test-method> <!-- setUp -->
        <test-method signature="login()[pri:0, instance:testscripts.ValidLoginTest@7164ca4c]" started-at="2024-09-12T07:03:15Z" name="login" description="verify the user is able to login with valid credentials or not" finished-at="2024-09-12T07:03:20Z" duration-ms="5401" status="PASS">
          <reporter-output>
          </reporter-output>
        </test-method> <!-- login -->
        <test-method is-config="true" signature="tearDown()[pri:0, instance:testscripts.ValidLoginTest@7164ca4c]" started-at="2024-09-12T07:03:20Z" name="tearDown" finished-at="2024-09-12T07:03:21Z" duration-ms="281" status="PASS">
          <reporter-output>
          </reporter-output>
        </test-method> <!-- tearDown -->
        <test-method is-config="true" signature="tocloseDatabase()[pri:0, instance:testscripts.ValidLoginTest@7164ca4c]" started-at="2024-09-12T07:03:21Z" name="tocloseDatabase" finished-at="2024-09-12T07:03:21Z" duration-ms="0" status="PASS">
          <reporter-output>
            <line>
              <![CDATA[to close the database]]>
            </line>
          </reporter-output>
        </test-method> <!-- tocloseDatabase -->
        <test-method is-config="true" signature="tocloseServer()[pri:0, instance:testscripts.ValidLoginTest@7164ca4c]" started-at="2024-09-12T07:03:21Z" name="tocloseServer" finished-at="2024-09-12T07:03:21Z" duration-ms="0" status="PASS">
          <reporter-output>
            <line>
              <![CDATA[to close the server]]>
            </line>
          </reporter-output>
        </test-method> <!-- tocloseServer -->
      </class> <!-- testscripts.ValidLoginTest -->
    </test> <!-- Default test -->
  </suite> <!-- Default suite -->
</testng-results>
