<?xml version="1.0" encoding="UTF-8"?>
<testng-results ignored="0" total="5" passed="5" failed="0" skipped="0">
  <reporter-output>
  </reporter-output>
  <suite started-at="2024-09-18T06:52:24Z" name="Default suite" finished-at="2024-09-18T06:52:35Z" duration-ms="10703">
    <groups>
    </groups>
    <test started-at="2024-09-18T06:52:24Z" name="Default test" finished-at="2024-09-18T06:52:35Z" duration-ms="10703">
      <class name="DataProvider.WorkingWithDataProvider">
        <test-method signature="loginIntoActitime(java.lang.String, java.lang.String)[pri:0, instance:DataProvider.WorkingWithDataProvider@2e48362c]" started-at="2024-09-18T06:52:24Z" name="loginIntoActitime" data-provider="TestData" finished-at="2024-09-18T06:52:27Z" duration-ms="2698" status="PASS">
          <params>
            <param index="0">
              <value>
                <![CDATA[sccadmin]]>
              </value>
            </param>
            <param index="1">
              <value>
                <![CDATA[mcsccanager]]>
              </value>
            </param>
          </params>
          <reporter-output>
          </reporter-output>
        </test-method> <!-- loginIntoActitime -->
        <test-method signature="loginIntoActitime(java.lang.String, java.lang.String)[pri:0, instance:DataProvider.WorkingWithDataProvider@2e48362c]" started-at="2024-09-18T06:52:27Z" name="loginIntoActitime" data-provider="TestData" finished-at="2024-09-18T06:52:29Z" duration-ms="2045" status="PASS">
          <params>
            <param index="0">
              <value>
                <![CDATA[Aman@14kjhbvgk8745]]>
              </value>
            </param>
            <param index="1">
              <value>
                <![CDATA[Aman@1n48745]]>
              </value>
            </param>
          </params>
          <reporter-output>
          </reporter-output>
        </test-method> <!-- loginIntoActitime -->
        <test-method signature="loginIntoActitime(java.lang.String, java.lang.String)[pri:0, instance:DataProvider.WorkingWithDataProvider@2e48362c]" started-at="2024-09-18T06:52:29Z" name="loginIntoActitime" data-provider="TestData" finished-at="2024-09-18T06:52:31Z" duration-ms="2025" status="PASS">
          <params>
            <param index="0">
              <value>
                <![CDATA[Aman@kjh148745]]>
              </value>
            </param>
            <param index="1">
              <value>
                <![CDATA[Aman@,mnl148745]]>
              </value>
            </param>
          </params>
          <reporter-output>
          </reporter-output>
        </test-method> <!-- loginIntoActitime -->
        <test-method signature="loginIntoActitime(java.lang.String, java.lang.String)[pri:0, instance:DataProvider.WorkingWithDataProvider@2e48362c]" started-at="2024-09-18T06:52:31Z" name="loginIntoActitime" data-provider="TestData" finished-at="2024-09-18T06:52:33Z" duration-ms="1936" status="PASS">
          <params>
            <param index="0">
              <value>
                <![CDATA[Aman@hgcfkv148745]]>
              </value>
            </param>
            <param index="1">
              <value>
                <![CDATA[Aman@148745]]>
              </value>
            </param>
          </params>
          <reporter-output>
          </reporter-output>
        </test-method> <!-- loginIntoActitime -->
        <test-method signature="loginIntoActitime(java.lang.String, java.lang.String)[pri:0, instance:DataProvider.WorkingWithDataProvider@2e48362c]" started-at="2024-09-18T06:52:33Z" name="loginIntoActitime" data-provider="TestData" finished-at="2024-09-18T06:52:35Z" duration-ms="1961" status="PASS">
          <params>
            <param index="0">
              <value>
                <![CDATA[Aman@kjbhljh148745]]>
              </value>
            </param>
            <param index="1">
              <value>
                <![CDATA[Amanjhgfitfg@148745]]>
              </value>
            </param>
          </params>
          <reporter-output>
          </reporter-output>
        </test-method> <!-- loginIntoActitime -->
      </class> <!-- DataProvider.WorkingWithDataProvider -->
    </test> <!-- Default test -->
  </suite> <!-- Default suite -->
</testng-results>
